production_build/mapping/proRelease/configuration.txt
# The proguard configuration file for the following section is default_proguard_files\global\proguard-android-optimize.txt-8.4.0
# This is a configuration file for ProGuard.
# http://proguard.sourceforge.net/index.html#manual/usage.html
#
# Starting with version 2.2 of the Android plugin for Gradle, this file is distributed together with
# the plugin and unpacked at build-time. The files in $ANDROID_HOME are no longer maintained and
# will be ignored by new version of the Android plugin for Gradle.

# Optimizations: If you don't want to optimize, use the proguard-android.txt configuration file
# instead of this one, which turns off the optimization flags.
-allowaccessmodification

# Preserve some attributes that may be required for reflection.
-keepattributes AnnotationDefault,
                EnclosingMethod,
                InnerClasses,
                RuntimeVisibleAnnotations,
                RuntimeVisibleParameterAnnotations,
                RuntimeVisibleTypeAnnotations,
                Signature

-keep public class com.google.vending.licensing.ILicensingService
-keep public class com.android.vending.licensing.ILicensingService
-keep public class com.google.android.vending.licensing.ILicensingService
-dontnote com.android.vending.licensing.ILicensingService
-dontnote com.google.vending.licensing.ILicensingService
-dontnote com.google.android.vending.licensing.ILicensingService

# For native methods, see https://www.guardsquare.com/manual/configuration/examples#native
-keepclasseswithmembernames,includedescriptorclasses class * {
    native <methods>;
}

# Keep setters in Views so that animations can still work.
-keepclassmembers public class * extends android.view.View {
    void set*(***);
    *** get*();
}

# We want to keep methods in Activity that could be used in the XML attribute onClick.
-keepclassmembers class * extends android.app.Activity {
    public void *(android.view.View);
}

# For enumeration classes, see https://www.guardsquare.com/manual/configuration/examples#enumerations
-keepclassmembers enum * {
    public static **[] values();
    public static ** valueOf(java.lang.String);
}

-keepclassmembers class * implements android.os.Parcelable {
    public static final ** CREATOR;
}

# Preserve annotated Javascript interface methods.
-keepclassmembers class * {
    @android.webkit.JavascriptInterface <methods>;
}

# The support libraries contains references to newer platform versions.
# Don't warn about those in case this app is linking against an older
# platform version. We know about them, and they are safe.
-dontnote android.support.**
-dontnote androidx.**
-dontwarn android.support.**
-dontwarn androidx.**

# Understand the @Keep support annotation.
-keep class android.support.annotation.Keep

-keep @android.support.annotation.Keep class * {*;}

-keepclasseswithmembers class * {
    @android.support.annotation.Keep <methods>;
}

-keepclasseswithmembers class * {
    @android.support.annotation.Keep <fields>;
}

-keepclasseswithmembers class * {
    @android.support.annotation.Keep <init>(...);
}

# These classes are duplicated between android.jar and org.apache.http.legacy.jar.
-dontnote org.apache.http.**
-dontnote android.net.http.**

# These classes are duplicated between android.jar and core-lambda-stubs.jar.
-dontnote java.lang.invoke.**

# End of content from default_proguard_files\global\proguard-android-optimize.txt-8.4.0
# The proguard configuration file for the following section is medic_dose_android_app\app\proguard-rules.pro
# Add project specific ProGuard rules here.
# You can control the set of applied configuration files using the
# proguardFiles setting in build.gradle.
#
# For more details, see
#   http://developer.android.com/guide/developing/tools/proguard.html

# If your project uses WebView with JS, uncomment the following
# and specify the fully qualified class name to the JavaScript interface
# class:
#-keepclassmembers class fqcn.of.javascript.interface.for.webview {
#   public *;
#}

# Uncomment this to preserve the line number information for
# debugging stack traces.
#-keepattributes SourceFile,LineNumberTable

# If you keep the line number information, uncomment this to
# hide the original source file name.
#-renamesourcefileattribute SourceFile
# End of content from medic_dose_android_app\app\proguard-rules.pro
# The proguard configuration file for the following section is exportReleaseConsumerProguardFiles\lib0\proguard.txt

# End of content from exportReleaseConsumerProguardFiles\lib0\proguard.txt
# The proguard configuration file for the following section is META-INF\proguard\okhttp3.pro
# JSR 305 annotations are for embedding nullability information.
-dontwarn javax.annotation.**

# A resource is loaded with a relative path so the package of this class must be preserved.
-keepnames class okhttp3.internal.publicsuffix.PublicSuffixDatabase

# Animal Sniffer compileOnly dependency to ensure APIs are compatible with older versions of Java.
-dontwarn org.codehaus.mojo.animal_sniffer.*

# OkHttp platform used only on JVM and when Conscrypt and other security providers are available.
-dontwarn okhttp3.internal.platform.**
-dontwarn org.conscrypt.**
-dontwarn org.bouncycastle.**
-dontwarn org.openjsse.**

# End of content from META-INF\proguard\okhttp3.pro
# The proguard configuration file for the following section is transformed\material-1.10.0\proguard.txt
# Copyright (C) 2015 The Android Open Source Project
#
# Licensed under the Apache License, Version 2.0 (the "License");
# you may not use this file except in compliance with the License.
# You may obtain a copy of the License at
#
#      http://www.apache.org/licenses/LICENSE-2.0
#
# Unless required by applicable law or agreed to in writing, software
# distributed under the License is distributed on an "AS IS" BASIS,
# WITHOUT WARRANTIES OR CONDITIONS OF ANY KIND, either express or implied.
# See the License for the specific language governing permissions and
# limitations under the License.

# CoordinatorLayout resolves the behaviors of its child components with reflection.
-keep public class * extends androidx.coordinatorlayout.widget.CoordinatorLayout$Behavior {
    public <init>(android.content.Context, android.util.AttributeSet);
    public <init>();
}

# Make sure we keep annotations for CoordinatorLayout's DefaultBehavior
-keepattributes RuntimeVisible*Annotation*

# Copyright (C) 2018 The Android Open Source Project
#
# Licensed under the Apache License, Version 2.0 (the "License");
# you may not use this file except in compliance with the License.
# You may obtain a copy of the License at
#
#      http://www.apache.org/licenses/LICENSE-2.0
#
# Unless required by applicable law or agreed to in writing, software
# distributed under the License is distributed on an "AS IS" BASIS,
# WITHOUT WARRANTIES OR CONDITIONS OF ANY KIND, either express or implied.
# See the License for the specific language governing permissions and
# limitations under the License.

# AppCompatViewInflater reads the viewInflaterClass theme attribute which then
# reflectively instantiates MaterialComponentsViewInflater using the no-argument
# constructor. We only need to keep this constructor and the class name if
# AppCompatViewInflater is also being kept.
-if class androidx.appcompat.app.AppCompatViewInflater
-keep class com.google.android.material.theme.MaterialComponentsViewInflater {
    <init>();
}


# End of content from transformed\material-1.10.0\proguard.txt
# The proguard configuration file for the following section is transformed\appcompat-1.6.1\proguard.txt
# Copyright (C) 2018 The Android Open Source Project
#
# Licensed under the Apache License, Version 2.0 (the "License");
# you may not use this file except in compliance with the License.
# You may obtain a copy of the License at
#
#      http://www.apache.org/licenses/LICENSE-2.0
#
# Unless required by applicable law or agreed to in writing, software
# distributed under the License is distributed on an "AS IS" BASIS,
# WITHOUT WARRANTIES OR CONDITIONS OF ANY KIND, either express or implied.
# See the License for the specific language governing permissions and
# limitations under the License.

# aapt is not able to read app::actionViewClass and app:actionProviderClass to produce proguard
# keep rules. Add a commonly used SearchView to the keep list until b/109831488 is resolved.
-keep class androidx.appcompat.widget.SearchView { <init>(...); }

# Never inline methods, but allow shrinking and obfuscation.
-keepclassmembernames,allowobfuscation,allowshrinking class androidx.appcompat.widget.AppCompatTextViewAutoSizeHelper$Impl* {
  <methods>;
}

# End of content from transformed\appcompat-1.6.1\proguard.txt
# The proguard configuration file for the following section is transformed\play-services-ads-23.0.0\proguard.txt
-keep public class com.google.android.gms.ads.internal.ClientApi {
  <init>();
}

# When built for Android API level < 30, Proguard warns that it can't find
# android.telephony.TelephonyDisplayInfo (since it was added only in API level
# 30). But, all its usages are guarded by runtime checks of the API level.
# Hence, it is safe to suppress Proguard's warnings.
-dontwarn android.telephony.TelephonyDisplayInfo

# When built for Android API level < 30, Proguard warns that it can't find
# android.view.Surface#setFrameRate(float, int) (since it was added only in API
# level 30). But, all its usages are guarded by runtime checks of the API level.
# Hence, it is safe to suppress Proguard's warnings.
-dontwarn android.view.Surface

# When built for Android API level < 31, Proguard warns that it can't find
# android.media.ApplicationMediaCapabilities (since it was added only in API
# level 31). But, all its usages are guarded by runtime checks of the API level.
# Hence, it is safe to suppress Proguard's warnings.
-dontwarn android.media.ApplicationMediaCapabilities

# When built for Android API level < 31, Proguard warns that it can't find
# android.media.MediaFeature (since it was added only in API level 31). But,
# all its usages are guarded by runtime checks of the API level.
# Hence, it is safe to suppress Proguard's warnings.
-dontwarn android.media.MediaFeature

# When built for Android API level < 31, Proguard warns that it can't find
# android.media.ApplicationMediaCapabilities$Builder (since it was added only in
# API level 31). But, all its usages are guarded by runtime checks of the API
# level. Hence, it is safe to suppress Proguard's warnings.
-dontwarn android.media.ApplicationMediaCapabilities$Builder

# When built for Android API level < 31, Proguard warns that it can't find
# android.media.MediaFeature$HdrType (since it was added only in API level 31).
# But, all its usages are guarded by runtime checks of the API level.
# Hence, it is safe to suppress Proguard's warnings.
-dontwarn android.media.MediaFeature$HdrType

# When built for Android API level < 32, Proguard warns that it can't find
# android.media.AudioAttributes$Builder (since it was added only in API level
# 32). But, all its usages are guarded by runtime checks of the API level.
# Hence, it is safe to suppress Proguard's warnings.
-dontwarn android.media.AudioAttributes$Builder

# When built for Android API level < 33, Proguard warns that it can't find
# android.adservices.measurement.MeasurementManager (since it was added only
# in API level 33). But, all its usages are guarded by runtime checks of the
# API level. Hence, it is safe to suppress Proguard's warnings.
-dontwarn android.adservices.measurement.MeasurementManager

# When built for Android API level < 33, Proguard warns that it can't find
# javax.lang.model.element.Modifier (since it was added only in API level 33).
# But, all its usages are guarded by runtime checks of the API level. Hence, it
# is safe to suppress Proguard's warnings.
-dontwarn javax.lang.model.element.Modifier

# These are checked at runtime for whether they exist, so it is fine if the API level doesn't include these.
-dontwarn android.content.pm.ApkChecksum
-dontwarn android.content.pm.PackageManager$OnChecksumsReadyListener
# Only for the requestChecksums method, but sadly -dontwarn can't take just a single method.
-dontwarn android.content.pm.PackageManager

# We keep all fields for every generated proto file as the runtime uses
# reflection over them that ProGuard cannot detect. Without this keep
# rule, fields may be removed that would cause runtime failures.
-keepclassmembers class * extends com.google.android.gms.internal.ads.zzgzu {
  <fields>;
}

# Auto-generated proguard rule(s) with obfuscated symbol
-dontwarn com.google.android.gms.ads.internal.util.zzy


# End of content from transformed\play-services-ads-23.0.0\proguard.txt
# The proguard configuration file for the following section is transformed\play-services-measurement-22.0.0\proguard.txt
# We keep all fields for every generated proto file as the runtime uses
# reflection over them that ProGuard cannot detect. Without this keep
# rule, fields may be removed that would cause runtime failures.
-keepclassmembers class * extends com.google.android.gms.internal.measurement.zzjv {
  <fields>;
}

# End of content from transformed\play-services-measurement-22.0.0\proguard.txt
# The proguard configuration file for the following section is transformed\play-services-measurement-sdk-22.0.0\proguard.txt
# We keep all fields for every generated proto file as the runtime uses
# reflection over them that ProGuard cannot detect. Without this keep
# rule, fields may be removed that would cause runtime failures.
-keepclassmembers class * extends com.google.android.gms.internal.measurement.zzjv {
  <fields>;
}

# End of content from transformed\play-services-measurement-sdk-22.0.0\proguard.txt
# The proguard configuration file for the following section is transformed\play-services-measurement-impl-22.0.0\proguard.txt
# We keep all fields for every generated proto file as the runtime uses
# reflection over them that ProGuard cannot detect. Without this keep
# rule, fields may be removed that would cause runtime failures.
-keepclassmembers class * extends com.google.android.gms.internal.measurement.zzjv {
  <fields>;
}

# End of content from transformed\play-services-measurement-impl-22.0.0\proguard.txt
# The proguard configuration file for the following section is transformed\play-services-measurement-api-22.0.0\proguard.txt
# Can be removed once we pull in a dependency on firebase-common that includes
# https://github.com/firebase/firebase-android-sdk/pull/1472/commits/856f1ca1151cdd88679bbc778892f23dfa34fc06#diff-a2ed34b5a38b4c6c686b09e54865eb48
-dontwarn com.google.auto.value.AutoValue
-dontwarn com.google.auto.value.AutoValue$Builder

# We keep all fields for every generated proto file as the runtime uses
# reflection over them that ProGuard cannot detect. Without this keep
# rule, fields may be removed that would cause runtime failures.
-keepclassmembers class * extends com.google.android.gms.internal.measurement.zzjv {
  <fields>;
}

# End of content from transformed\play-services-measurement-api-22.0.0\proguard.txt
# The proguard configuration file for the following section is transformed\play-services-ads-lite-23.0.0\proguard.txt
# Keep implementations of the AdMob mediation adapter interfaces. Adapters for
# third party ad networks implement these interfaces and are invoked by the
# AdMob SDK via reflection.

-keep class * implements com.google.android.gms.ads.mediation.MediationAdapter {
  public *;
}
-keep class * implements com.google.ads.mediation.MediationAdapter {
  public *;
}
-keep class * implements com.google.android.gms.ads.mediation.customevent.CustomEvent {
  public *;
}
-keep class * implements com.google.ads.mediation.customevent.CustomEvent {
  public *;
}
-keep class * extends com.google.android.gms.ads.mediation.MediationAdNetworkAdapter {
  public *;
}
-keep class * extends com.google.android.gms.ads.mediation.Adapter {
  public *;
}

# Keep classes used for offline ads created by reflection. WorkManagerUtil is
# created reflectively by callers within GMSCore and OfflineNotificationPoster
# is created reflectively by WorkManager.
-keep class com.google.android.gms.ads.internal.util.WorkManagerUtil {
  public *;
}
-keep class com.google.android.gms.ads.internal.offline.buffering.OfflineNotificationPoster {
  public *;
}
-keep class com.google.android.gms.ads.internal.offline.buffering.OfflinePingSender {
  public *;
}

# Keeps the entry for full SDK to access via reflection.
-keep class com.google.android.gms.ads.internal.client.LiteSdkInfo {
  public *;
}

# Keeps the entry for first party plugins to access via reflection.
-keep class com.google.android.gms.ads.MobileAds {
  private void setPlugin(java.lang.String);
}

# We keep all fields for every generated proto file as the runtime uses
# reflection over them that ProGuard cannot detect. Without this keep
# rule, fields may be removed that would cause runtime failures.
-keepclassmembers class * extends com.google.android.gms.internal.ads.zzgzu {
  <fields>;
}

# End of content from transformed\play-services-ads-lite-23.0.0\proguard.txt
# The proguard configuration file for the following section is transformed\play-services-measurement-sdk-api-22.0.0\proguard.txt
# We keep all fields for every generated proto file as the runtime uses
# reflection over them that ProGuard cannot detect. Without this keep
# rule, fields may be removed that would cause runtime failures.
-keepclassmembers class * extends com.google.android.gms.internal.measurement.zzjv {
  <fields>;
}

# End of content from transformed\play-services-measurement-sdk-api-22.0.0\proguard.txt
# The proguard configuration file for the following section is transformed\play-services-measurement-base-22.0.0\proguard.txt
# We keep all fields for every generated proto file as the runtime uses
# reflection over them that ProGuard cannot detect. Without this keep
# rule, fields may be removed that would cause runtime failures.
-keepclassmembers class * extends com.google.android.gms.internal.measurement.zzjv {
  <fields>;
}

# End of content from transformed\play-services-measurement-base-22.0.0\proguard.txt
# The proguard configuration file for the following section is transformed\firebase-common-21.0.0\proguard.txt
-dontwarn com.google.firebase.platforminfo.KotlinDetector
-dontwarn com.google.auto.value.AutoValue
-dontwarn com.google.auto.value.AutoValue$Builder

# End of content from transformed\firebase-common-21.0.0\proguard.txt
# The proguard configuration file for the following section is transformed\play-services-base-18.0.0\proguard.txt
# b/35135904 Ensure that proguard will not strip the mResultGuardian.
-keepclassmembers class com.google.android.gms.common.api.internal.BasePendingResult {
  com.google.android.gms.common.api.internal.BasePendingResult$ReleasableResultGuardian mResultGuardian;
}



# End of content from transformed\play-services-base-18.0.0\proguard.txt
# The proguard configuration file for the following section is transformed\navigation-common-2.7.7\proguard.txt
# Copyright (C) 2019 The Android Open Source Project
#
# Licensed under the Apache License, Version 2.0 (the "License");
# you may not use this file except in compliance with the License.
# You may obtain a copy of the License at
#
#      http://www.apache.org/licenses/LICENSE-2.0
#
# Unless required by applicable law or agreed to in writing, software
# distributed under the License is distributed on an "AS IS" BASIS,
# WITHOUT WARRANTIES OR CONDITIONS OF ANY KIND, either express or implied.
# See the License for the specific language governing permissions and
# limitations under the License.

# NavArgsLazy creates NavArgs instances using reflection
-if public class ** implements androidx.navigation.NavArgs
-keepclassmembers public class <1> {
    ** fromBundle(android.os.Bundle);
}

# Retain the @Navigator.Name annotation on each subclass of Navigator.