production_build/mapping/proRelease/seeds.txt
com.google.android.gms.internal.ads.zzhfz: com.google.android.gms.internal.ads.zzhad zzk
com.google.android.gms.internal.ads.zzatd: java.lang.String zzE
com.google.android.gms.internal.measurement.zzfi$zzc: int zze
com.google.android.gms.internal.measurement.zzfo$zze: int zzh
com.google.android.gms.internal.ads.zzheg: com.google.android.gms.internal.ads.zzheg zzb
com.google.android.gms.internal.measurement.zzfi$zza: com.google.android.gms.internal.measurement.zzfi$zza zzc
kotlinx.coroutines.channels.BufferedChannel: java.lang.Object bufferEndSegment
kotlinx.coroutines.internal.ResizableAtomicArray: java.util.concurrent.atomic.AtomicReferenceArray array
com.google.android.gms.internal.ads.zzhfd: int zzd
com.google.android.gms.internal.ads.zzata: long zzg
com.google.android.gms.internal.ads.zzfnf: java.lang.String zzM
com.google.android.gms.internal.ads.zzhfd: long zzh
com.google.android.gms.internal.ads.zzgvg: int zzd
com.google.android.gms.internal.ads.zzfno: java.lang.String zzg
androidx.compose.runtime.ParcelableSnapshotMutableState: android.os.Parcelable$Creator CREATOR
com.google.android.gms.internal.ads.zzbej: int zze
com.google.android.gms.internal.ads.zzbda: com.google.android.gms.internal.ads.zzbep zzf
com.google.android.gms.internal.measurement.zzfu$zzk: com.google.android.gms.internal.measurement.zzke zzg
com.google.android.gms.internal.ads.zzhel: int zzd
com.google.android.gms.internal.ads.zzbzc: android.os.Parcelable$Creator CREATOR
com.google.android.gms.internal.ads.zzber: int zzp
com.google.android.gms.internal.measurement.zzfu$zzb: com.google.android.gms.internal.measurement.zzlr zzd
com.google.android.gms.internal.measurement.zzfi$zzf: boolean zzh
com.google.android.gms.internal.ads.zzhfr: java.lang.String zzi
com.google.android.gms.internal.ads.zzatd: com.google.android.gms.internal.ads.zzata zzae
com.google.android.gms.internal.measurement.zzfu$zzf: int zze
com.google.android.gms.internal.measurement.zzgc$zzb: com.google.android.gms.internal.measurement.zzke zzg
com.google.android.gms.internal.ads.zzfno: int zzd
com.google.android.gms.internal.ads.zzayf: java.lang.String zze
kotlinx.coroutines.sync.SemaphoreImpl: long deqIdx
com.google.android.gms.internal.ads.zzbcx: com.google.android.gms.internal.ads.zzbep zzh
com.google.android.gms.internal.ads.zzhez: int zzd
com.google.android.gms.internal.ads.zzhgj: boolean zzr
com.google.android.gms.internal.measurement.zzgc$zzc: com.google.android.gms.internal.measurement.zzgc$zza zzg
com.google.android.gms.internal.measurement.zzfi$zzb: boolean zzl
com.google.android.gms.internal.measurement.zzfo$zza$zzf: com.google.android.gms.internal.measurement.zzfo$zza$zzf zzc
com.google.android.gms.internal.ads.zzahb: android.os.Parcelable$Creator CREATOR
com.google.android.gms.internal.ads.zzbcx: int zzg
androidx.appcompat.widget.Toolbar$SavedState: android.os.Parcelable$Creator CREATOR
com.google.android.gms.internal.ads.zzata: long zzv
com.google.android.gms.internal.ads.zzhgb: java.lang.String zzf
com.google.android.gms.internal.measurement.zzfu$zzj: com.google.android.gms.internal.measurement.zzlr zzd
com.google.android.gms.internal.ads.zzatd: long zzZ
com.google.android.gms.internal.ads.zzatd: long zzP
com.google.android.gms.internal.measurement.zzfo$zzc: boolean zzh
com.google.android.gms.internal.ads.zzgtu: int zze
com.google.android.gms.internal.ads.zzbvg: android.os.Parcelable$Creator CREATOR
com.google.android.gms.internal.ads.zzata: long zzf
com.google.android.gms.internal.measurement.zzfi$zzc: com.google.android.gms.internal.measurement.zzfi$zzc zzc
com.google.android.gms.internal.ads.zzbcv: com.google.android.gms.internal.ads.zzben zzg
com.google.android.gms.internal.ads.zzath: int zzd
com.google.android.gms.internal.measurement.zzfo$zzh: java.lang.String zzg
com.google.android.gms.internal.ads.zzhdz: java.lang.String zzi
com.google.android.gms.internal.ads.zzase: java.lang.String zzj
com.google.android.gms.internal.ads.zzasp: int zzf